# JRE version: OpenJDK Runtime Environment (8.0_242-b01) (build 1.8.0_242-release-1644-b01)
# Java VM: OpenJDK 64-Bit Server VM (25.242-b01 mixed mode windows-amd64 compressed oops)
Heap:
 PSYoungGen      total 449536K, used 103038K [0x00000000d5580000, 0x00000000f4600000, 0x0000000100000000)
  eden space 390656K, 25% used [0x00000000d5580000,0x00000000db4e7ab0,0x00000000ed300000)
  from space 58880K, 9% used [0x00000000ed300000,0x00000000ed838030,0x00000000f0c80000)
  to   space 45568K, 0% used [0x00000000f1980000,0x00000000f1980000,0x00000000f4600000)
 ParOldGen       total 231936K, used 132642K [0x0000000080000000, 0x000000008e280000, 0x00000000d5580000)
  object space 231936K, 57% used [0x0000000080000000,0x0000000088188b68,0x000000008e280000)
 Metaspace       used 92656K, capacity 97130K, committed 99480K, reserved 1134592K
  class space    used 12173K, capacity 13025K, committed 13744K, reserved 1048576K
GC Heap History (10 events):
Event: 18.798 GC heap before
{Heap before GC invocations=19 (full 3):
 PSYoungGen      total 281088K, used 281065K [0x00000000d5580000, 0x00000000ec580000, 0x0000000100000000)
  eden space 257024K, 100% used [0x00000000d5580000,0x00000000e5080000,0x00000000e5080000)
  from space 24064K, 99% used [0x00000000e5080000,0x00000000e67fa488,0x00000000e6800000)
  to   space 28160K, 0% used [0x00000000eaa00000,0x00000000eaa00000,0x00000000ec580000)
 ParOldGen       total 116736K, used 49622K [0x0000000080000000, 0x0000000087200000, 0x00000000d5580000)
  object space 116736K, 42% used [0x0000000080000000,0x0000000083075aa0,0x0000000087200000)
 Metaspace       used 77153K, capacity 80798K, committed 81048K, reserved 1120256K
  class space    used 10426K, capacity 11087K, committed 11184K, reserved 1048576K
Event: 19.071 GC heap after
Heap after GC invocations=19 (full 3):
 PSYoungGen      total 335872K, used 28151K [0x00000000d5580000, 0x00000000f0f80000, 0x0000000100000000)
  eden space 307712K, 0% used [0x00000000d5580000,0x00000000d5580000,0x00000000e8200000)
  from space 28160K, 99% used [0x00000000eaa00000,0x00000000ec57dd30,0x00000000ec580000)
  to   space 40960K, 0% used [0x00000000e8200000,0x00000000e8200000,0x00000000eaa00000)
 ParOldGen       total 116736K, used 71770K [0x0000000080000000, 0x0000000087200000, 0x00000000d5580000)
  object space 116736K, 61% used [0x0000000080000000,0x0000000084616bc8,0x0000000087200000)
 Metaspace       used 77153K, capacity 80798K, committed 81048K, reserved 1120256K
  class space    used 10426K, capacity 11087K, committed 11184K, reserved 1048576K
}
Event: 20.880 GC heap before
{Heap before GC invocations=20 (full 3):
 PSYoungGen      total 335872K, used 335863K [0x00000000d5580000, 0x00000000f0f80000, 0x0000000100000000)
  eden space 307712K, 100% used [0x00000000d5580000,0x00000000e8200000,0x00000000e8200000)
  from space 28160K, 99% used [0x00000000eaa00000,0x00000000ec57dd30,0x00000000ec580000)
  to   space 40960K, 0% used [0x00000000e8200000,0x00000000e8200000,0x00000000eaa00000)
 ParOldGen       total 116736K, used 71770K [0x0000000080000000, 0x0000000087200000, 0x00000000d5580000)
  object space 116736K, 61% used [0x0000000080000000,0x0000000084616bc8,0x0000000087200000)
 Metaspace       used 87896K, capacity 93748K, committed 94104K, reserved 1130496K
  class space    used 12190K, capacity 13364K, committed 13488K, reserved 1048576K
Event: 21.200 GC heap after
Heap after GC invocations=20 (full 3):
 PSYoungGen      total 348672K, used 40942K [0x00000000d5580000, 0x00000000f5600000, 0x0000000100000000)
  eden space 307712K, 0% used [0x00000000d5580000,0x00000000d5580000,0x00000000e8200000)
  from space 40960K, 99% used [0x00000000e8200000,0x00000000ea9fbbb0,0x00000000eaa00000)
  to   space 61952K, 0% used [0x00000000f1980000,0x00000000f1980000,0x00000000f5600000)
 ParOldGen       total 116736K, used 109924K [0x0000000080000000, 0x0000000087200000, 0x00000000d5580000)
  object space 116736K, 94% used [0x0000000080000000,0x0000000086b593a8,0x0000000087200000)
 Metaspace       used 87896K, capacity 93748K, committed 94104K, reserved 1130496K
  class space    used 12190K, capacity 13364K, committed 13488K, reserved 1048576K
}
Event: 21.201 GC heap before
{Heap before GC invocations=21 (full 4):
 PSYoungGen      total 348672K, used 40942K [0x00000000d5580000, 0x00000000f5600000, 0x0000000100000000)
  eden space 307712K, 0% used [0x00000000d5580000,0x00000000d5580000,0x00000000e8200000)
  from space 40960K, 99% used [0x00000000e8200000,0x00000000ea9fbbb0,0x00000000eaa00000)
  to   space 61952K, 0% used [0x00000000f1980000,0x00000000f1980000,0x00000000f5600000)
 ParOldGen       total 116736K, used 109924K [0x0000000080000000, 0x0000000087200000, 0x00000000d5580000)
  object space 116736K, 94% used [0x0000000080000000,0x0000000086b593a8,0x0000000087200000)
 Metaspace       used 87896K, capacity 93748K, committed 94104K, reserved 1130496K
  class space    used 12190K, capacity 13364K, committed 13488K, reserved 1048576K
Event: 22.006 GC heap after
Heap after GC invocations=21 (full 4):
 PSYoungGen      total 348672K, used 21441K [0x00000000d5580000, 0x00000000f5600000, 0x0000000100000000)
  eden space 307712K, 0% used [0x00000000d5580000,0x00000000d5580000,0x00000000e8200000)
  from space 40960K, 52% used [0x00000000e8200000,0x00000000e96f0780,0x00000000eaa00000)
  to   space 61952K, 0% used [0x00000000f1980000,0x00000000f1980000,0x00000000f5600000)
 ParOldGen       total 231936K, used 116725K [0x0000000080000000, 0x000000008e280000, 0x00000000d5580000)
  object space 231936K, 50% used [0x0000000080000000,0x00000000871fd798,0x000000008e280000)
 Metaspace       used 86660K, capacity 90920K, committed 94104K, reserved 1130496K
  class space    used 11743K, capacity 12564K, committed 13488K, reserved 1048576K
}
Event: 186.703 GC heap before
{Heap before GC invocations=22 (full 4):
 PSYoungGen      total 348672K, used 329153K [0x00000000d5580000, 0x00000000f5600000, 0x0000000100000000)
  eden space 307712K, 100% used [0x00000000d5580000,0x00000000e8200000,0x00000000e8200000)
  from space 40960K, 52% used [0x00000000e8200000,0x00000000e96f0780,0x00000000eaa00000)
  to   space 61952K, 0% used [0x00000000f1980000,0x00000000f1980000,0x00000000f5600000)
 ParOldGen       total 231936K, used 116725K [0x0000000080000000, 0x000000008e280000, 0x00000000d5580000)
  object space 231936K, 50% used [0x0000000080000000,0x00000000871fd798,0x000000008e280000)
 Metaspace       used 91518K, capacity 95996K, committed 98456K, reserved 1134592K
  class space    used 12146K, capacity 13004K, committed 13744K, reserved 1048576K
Event: 186.759 GC heap after
Heap after GC invocations=22 (full 4):
 PSYoungGen      total 436224K, used 17679K [0x00000000d5580000, 0x00000000f4600000, 0x0000000100000000)
  eden space 390656K, 0% used [0x00000000d5580000,0x00000000d5580000,0x00000000ed300000)
  from space 45568K, 38% used [0x00000000f1980000,0x00000000f2ac3d48,0x00000000f4600000)
  to   space 58880K, 0% used [0x00000000ed300000,0x00000000ed300000,0x00000000f0c80000)
 ParOldGen       total 231936K, used 128520K [0x0000000080000000, 0x000000008e280000, 0x00000000d5580000)
  object space 231936K, 55% used [0x0000000080000000,0x0000000087d82070,0x000000008e280000)
 Metaspace       used 91518K, capacity 95996K, committed 98456K, reserved 1134592K
  class space    used 12146K, capacity 13004K, committed 13744K, reserved 1048576K
}
Event: 1716.149 GC heap before
{Heap before GC invocations=23 (full 4):
 PSYoungGen      total 436224K, used 408335K [0x00000000d5580000, 0x00000000f4600000, 0x0000000100000000)
  eden space 390656K, 100% used [0x00000000d5580000,0x00000000ed300000,0x00000000ed300000)
  from space 45568K, 38% used [0x00000000f1980000,0x00000000f2ac3d48,0x00000000f4600000)
  to   space 58880K, 0% used [0x00000000ed300000,0x00000000ed300000,0x00000000f0c80000)
 ParOldGen       total 231936K, used 128520K [0x0000000080000000, 0x000000008e280000, 0x00000000d5580000)
  object space 231936K, 55% used [0x0000000080000000,0x0000000087d82070,0x000000008e280000)
 Metaspace       used 92471K, capacity 96972K, committed 99480K, reserved 1134592K
  class space    used 12158K, capacity 13020K, committed 13744K, reserved 1048576K
Event: 1716.253 GC heap after
Heap after GC invocations=23 (full 4):
 PSYoungGen      total 449536K, used 5344K [0x00000000d5580000, 0x00000000f4600000, 0x0000000100000000)
  eden space 390656K, 0% used [0x00000000d5580000,0x00000000d5580000,0x00000000ed300000)
  from space 58880K, 9% used [0x00000000ed300000,0x00000000ed838030,0x00000000f0c80000)
  to   space 45568K, 0% used [0x00000000f1980000,0x00000000f1980000,0x00000000f4600000)
 ParOldGen       total 231936K, used 132642K [0x0000000080000000, 0x000000008e280000, 0x00000000d5580000)
  object space 231936K, 57% used [0x0000000080000000,0x0000000088188b68,0x000000008e280000)
 Metaspace       used 92471K, capacity 96972K, committed 99480K, reserved 1134592K
  class space    used 12158K, capacity 13020K, committed 13744K, reserved 1048576K
}

