# JRE version: OpenJDK Runtime Environment (8.0_242-b01) (build 1.8.0_242-release-1644-b01)
# Java VM: OpenJDK 64-Bit Server VM (25.242-b01 mixed mode windows-amd64 compressed oops)
Heap:
 PSYoungGen      total 122368K, used 83692K [0x00000000d5580000, 0x00000000de680000, 0x0000000100000000)
  eden space 111104K, 75% used [0x00000000d5580000,0x00000000da73b1f8,0x00000000dc200000)
  from space 11264K, 0% used [0x00000000dd080000,0x00000000dd080000,0x00000000ddb80000)
  to   space 8704K, 0% used [0x00000000dde00000,0x00000000dde00000,0x00000000de680000)
 ParOldGen       total 51712K, used 17395K [0x0000000080000000, 0x0000000083280000, 0x00000000d5580000)
  object space 51712K, 33% used [0x0000000080000000,0x00000000810fcdf0,0x0000000083280000)
 Metaspace       used 36419K, capacity 37996K, committed 38184K, reserved 1081344K
  class space    used 5007K, capacity 5349K, committed 5424K, reserved 1048576K
GC Heap History (10 events):
Event: 1.780 GC heap before
{Heap before GC invocations=7 (full 0):
 PSYoungGen      total 74240K, used 17569K [0x00000000d5580000, 0x00000000daa80000, 0x0000000100000000)
  eden space 64512K, 13% used [0x00000000d5580000,0x00000000d5dd10a8,0x00000000d9480000)
  from space 9728K, 93% used [0x00000000d9f00000,0x00000000da7d7450,0x00000000da880000)
  to   space 10752K, 0% used [0x00000000d9480000,0x00000000d9480000,0x00000000d9f00000)
 ParOldGen       total 86016K, used 5617K [0x0000000080000000, 0x0000000085400000, 0x00000000d5580000)
  object space 86016K, 6% used [0x0000000080000000,0x000000008057c7a8,0x0000000085400000)
 Metaspace       used 20559K, capacity 21224K, committed 21296K, reserved 1067008K
  class space    used 2875K, capacity 3076K, committed 3120K, reserved 1048576K
Event: 1.784 GC heap after
Heap after GC invocations=7 (full 0):
 PSYoungGen      total 75264K, used 4449K [0x00000000d5580000, 0x00000000de880000, 0x0000000100000000)
  eden space 64512K, 0% used [0x00000000d5580000,0x00000000d5580000,0x00000000d9480000)
  from space 10752K, 41% used [0x00000000d9480000,0x00000000d98d8470,0x00000000d9f00000)
  to   space 10752K, 0% used [0x00000000dde00000,0x00000000dde00000,0x00000000de880000)
 ParOldGen       total 86016K, used 7962K [0x0000000080000000, 0x0000000085400000, 0x00000000d5580000)
  object space 86016K, 9% used [0x0000000080000000,0x00000000807c6818,0x0000000085400000)
 Metaspace       used 20559K, capacity 21224K, committed 21296K, reserved 1067008K
  class space    used 2875K, capacity 3076K, committed 3120K, reserved 1048576K
}
Event: 1.784 GC heap before
{Heap before GC invocations=8 (full 1):
 PSYoungGen      total 75264K, used 4449K [0x00000000d5580000, 0x00000000de880000, 0x0000000100000000)
  eden space 64512K, 0% used [0x00000000d5580000,0x00000000d5580000,0x00000000d9480000)
  from space 10752K, 41% used [0x00000000d9480000,0x00000000d98d8470,0x00000000d9f00000)
  to   space 10752K, 0% used [0x00000000dde00000,0x00000000dde00000,0x00000000de880000)
 ParOldGen       total 86016K, used 7962K [0x0000000080000000, 0x0000000085400000, 0x00000000d5580000)
  object space 86016K, 9% used [0x0000000080000000,0x00000000807c6818,0x0000000085400000)
 Metaspace       used 20559K, capacity 21224K, committed 21296K, reserved 1067008K
  class space    used 2875K, capacity 3076K, committed 3120K, reserved 1048576K
Event: 1.808 GC heap after
Heap after GC invocations=8 (full 1):
 PSYoungGen      total 75264K, used 0K [0x00000000d5580000, 0x00000000de880000, 0x0000000100000000)
  eden space 64512K, 0% used [0x00000000d5580000,0x00000000d5580000,0x00000000d9480000)
  from space 10752K, 0% used [0x00000000d9480000,0x00000000d9480000,0x00000000d9f00000)
  to   space 10752K, 0% used [0x00000000dde00000,0x00000000dde00000,0x00000000de880000)
 ParOldGen       total 51712K, used 6996K [0x0000000080000000, 0x0000000083280000, 0x00000000d5580000)
  object space 51712K, 13% used [0x0000000080000000,0x00000000806d53b8,0x0000000083280000)
 Metaspace       used 20559K, capacity 21224K, committed 21296K, reserved 1067008K
  class space    used 2875K, capacity 3076K, committed 3120K, reserved 1048576K
}
Event: 2.276 GC heap before
{Heap before GC invocations=9 (full 1):
 PSYoungGen      total 75264K, used 64512K [0x00000000d5580000, 0x00000000de880000, 0x0000000100000000)
  eden space 64512K, 100% used [0x00000000d5580000,0x00000000d9480000,0x00000000d9480000)
  from space 10752K, 0% used [0x00000000d9480000,0x00000000d9480000,0x00000000d9f00000)
  to   space 10752K, 0% used [0x00000000dde00000,0x00000000dde00000,0x00000000de880000)
 ParOldGen       total 51712K, used 6996K [0x0000000080000000, 0x0000000083280000, 0x00000000d5580000)
  object space 51712K, 13% used [0x0000000080000000,0x00000000806d53b8,0x0000000083280000)
 Metaspace       used 28720K, capacity 29606K, committed 29872K, reserved 1075200K
  class space    used 3976K, capacity 4221K, committed 4272K, reserved 1048576K
Event: 2.281 GC heap after
Heap after GC invocations=9 (full 1):
 PSYoungGen      total 119808K, used 8527K [0x00000000d5580000, 0x00000000de680000, 0x0000000100000000)
  eden space 111104K, 0% used [0x00000000d5580000,0x00000000d5580000,0x00000000dc200000)
  from space 8704K, 97% used [0x00000000dde00000,0x00000000de653cb8,0x00000000de680000)
  to   space 11264K, 0% used [0x00000000dd080000,0x00000000dd080000,0x00000000ddb80000)
 ParOldGen       total 51712K, used 7004K [0x0000000080000000, 0x0000000083280000, 0x00000000d5580000)
  object space 51712K, 13% used [0x0000000080000000,0x00000000806d73b8,0x0000000083280000)
 Metaspace       used 28720K, capacity 29606K, committed 29872K, reserved 1075200K
  class space    used 3976K, capacity 4221K, committed 4272K, reserved 1048576K
}
Event: 2.785 GC heap before
{Heap before GC invocations=10 (full 1):
 PSYoungGen      total 119808K, used 102970K [0x00000000d5580000, 0x00000000de680000, 0x0000000100000000)
  eden space 111104K, 85% used [0x00000000d5580000,0x00000000db1bae90,0x00000000dc200000)
  from space 8704K, 97% used [0x00000000dde00000,0x00000000de653cb8,0x00000000de680000)
  to   space 11264K, 0% used [0x00000000dd080000,0x00000000dd080000,0x00000000ddb80000)
 ParOldGen       total 51712K, used 7004K [0x0000000080000000, 0x0000000083280000, 0x00000000d5580000)
  object space 51712K, 13% used [0x0000000080000000,0x00000000806d73b8,0x0000000083280000)
 Metaspace       used 34332K, capacity 35420K, committed 35496K, reserved 1079296K
  class space    used 4725K, capacity 5003K, committed 5040K, reserved 1048576K
Event: 2.793 GC heap after
Heap after GC invocations=10 (full 1):
 PSYoungGen      total 122368K, used 11174K [0x00000000d5580000, 0x00000000de680000, 0x0000000100000000)
  eden space 111104K, 0% used [0x00000000d5580000,0x00000000d5580000,0x00000000dc200000)
  from space 11264K, 99% used [0x00000000dd080000,0x00000000ddb69920,0x00000000ddb80000)
  to   space 8704K, 0% used [0x00000000dde00000,0x00000000dde00000,0x00000000de680000)
 ParOldGen       total 51712K, used 7012K [0x0000000080000000, 0x0000000083280000, 0x00000000d5580000)
  object space 51712K, 13% used [0x0000000080000000,0x00000000806d93b8,0x0000000083280000)
 Metaspace       used 34332K, capacity 35420K, committed 35496K, reserved 1079296K
  class space    used 4725K, capacity 5003K, committed 5040K, reserved 1048576K
}
Event: 2.793 GC heap before
{Heap before GC invocations=11 (full 2):
 PSYoungGen      total 122368K, used 11174K [0x00000000d5580000, 0x00000000de680000, 0x0000000100000000)
  eden space 111104K, 0% used [0x00000000d5580000,0x00000000d5580000,0x00000000dc200000)
  from space 11264K, 99% used [0x00000000dd080000,0x00000000ddb69920,0x00000000ddb80000)
  to   space 8704K, 0% used [0x00000000dde00000,0x00000000dde00000,0x00000000de680000)
 ParOldGen       total 51712K, used 7012K [0x0000000080000000, 0x0000000083280000, 0x00000000d5580000)
  object space 51712K, 13% used [0x0000000080000000,0x00000000806d93b8,0x0000000083280000)
 Metaspace       used 34332K, capacity 35420K, committed 35496K, reserved 1079296K
  class space    used 4725K, capacity 5003K, committed 5040K, reserved 1048576K
Event: 2.844 GC heap after
Heap after GC invocations=11 (full 2):
 PSYoungGen      total 122368K, used 0K [0x00000000d5580000, 0x00000000de680000, 0x0000000100000000)
  eden space 111104K, 0% used [0x00000000d5580000,0x00000000d5580000,0x00000000dc200000)
  from space 11264K, 0% used [0x00000000dd080000,0x00000000dd080000,0x00000000ddb80000)
  to   space 8704K, 0% used [0x00000000dde00000,0x00000000dde00000,0x00000000de680000)
 ParOldGen       total 51712K, used 17395K [0x0000000080000000, 0x0000000083280000, 0x00000000d5580000)
  object space 51712K, 33% used [0x0000000080000000,0x00000000810fcdf0,0x0000000083280000)
 Metaspace       used 34332K, capacity 35420K, committed 35496K, reserved 1079296K
  class space    used 4725K, capacity 5003K, committed 5040K, reserved 1048576K
}

