# JRE version: OpenJDK Runtime Environment (8.0_242-b01) (build 1.8.0_242-release-1644-b01)
# Java VM: OpenJDK 64-Bit Server VM (25.242-b01 mixed mode windows-amd64 compressed oops)
Heap:
 PSYoungGen      total 119808K, used 67516K [0x00000000d5580000, 0x00000000de680000, 0x0000000100000000)
  eden space 108544K, 62% used [0x00000000d5580000,0x00000000d976f0f8,0x00000000dbf80000)
  from space 11264K, 0% used [0x00000000dd080000,0x00000000dd080000,0x00000000ddb80000)
  to   space 8704K, 0% used [0x00000000dde00000,0x00000000dde00000,0x00000000de680000)
 ParOldGen       total 52736K, used 17392K [0x0000000080000000, 0x0000000083380000, 0x00000000d5580000)
  object space 52736K, 32% used [0x0000000080000000,0x00000000810fc1d8,0x0000000083380000)
 Metaspace       used 36297K, capacity 37760K, committed 37928K, reserved 1081344K
  class space    used 4997K, capacity 5331K, committed 5424K, reserved 1048576K
GC Heap History (10 events):
Event: 1.954 GC heap before
{Heap before GC invocations=7 (full 0):
 PSYoungGen      total 74240K, used 17631K [0x00000000d5580000, 0x00000000daa80000, 0x0000000100000000)
  eden space 64512K, 13% used [0x00000000d5580000,0x00000000d5dd7348,0x00000000d9480000)
  from space 9728K, 93% used [0x00000000d9f00000,0x00000000da7e0b30,0x00000000da880000)
  to   space 10752K, 0% used [0x00000000d9480000,0x00000000d9480000,0x00000000d9f00000)
 ParOldGen       total 86016K, used 5650K [0x0000000080000000, 0x0000000085400000, 0x00000000d5580000)
  object space 86016K, 6% used [0x0000000080000000,0x0000000080584a08,0x0000000085400000)
 Metaspace       used 20581K, capacity 21224K, committed 21296K, reserved 1067008K
  class space    used 2879K, capacity 3076K, committed 3120K, reserved 1048576K
Event: 1.962 GC heap after
Heap after GC invocations=7 (full 0):
 PSYoungGen      total 75264K, used 4548K [0x00000000d5580000, 0x00000000de880000, 0x0000000100000000)
  eden space 64512K, 0% used [0x00000000d5580000,0x00000000d5580000,0x00000000d9480000)
  from space 10752K, 42% used [0x00000000d9480000,0x00000000d98f1050,0x00000000d9f00000)
  to   space 10752K, 0% used [0x00000000dde00000,0x00000000dde00000,0x00000000de880000)
 ParOldGen       total 86016K, used 8002K [0x0000000080000000, 0x0000000085400000, 0x00000000d5580000)
  object space 86016K, 9% used [0x0000000080000000,0x00000000807d0a58,0x0000000085400000)
 Metaspace       used 20581K, capacity 21224K, committed 21296K, reserved 1067008K
  class space    used 2879K, capacity 3076K, committed 3120K, reserved 1048576K
}
Event: 1.962 GC heap before
{Heap before GC invocations=8 (full 1):
 PSYoungGen      total 75264K, used 4548K [0x00000000d5580000, 0x00000000de880000, 0x0000000100000000)
  eden space 64512K, 0% used [0x00000000d5580000,0x00000000d5580000,0x00000000d9480000)
  from space 10752K, 42% used [0x00000000d9480000,0x00000000d98f1050,0x00000000d9f00000)
  to   space 10752K, 0% used [0x00000000dde00000,0x00000000dde00000,0x00000000de880000)
 ParOldGen       total 86016K, used 8002K [0x0000000080000000, 0x0000000085400000, 0x00000000d5580000)
  object space 86016K, 9% used [0x0000000080000000,0x00000000807d0a58,0x0000000085400000)
 Metaspace       used 20581K, capacity 21224K, committed 21296K, reserved 1067008K
  class space    used 2879K, capacity 3076K, committed 3120K, reserved 1048576K
Event: 1.997 GC heap after
Heap after GC invocations=8 (full 1):
 PSYoungGen      total 75264K, used 0K [0x00000000d5580000, 0x00000000de880000, 0x0000000100000000)
  eden space 64512K, 0% used [0x00000000d5580000,0x00000000d5580000,0x00000000d9480000)
  from space 10752K, 0% used [0x00000000d9480000,0x00000000d9480000,0x00000000d9f00000)
  to   space 10752K, 0% used [0x00000000dde00000,0x00000000dde00000,0x00000000de880000)
 ParOldGen       total 52736K, used 7009K [0x0000000080000000, 0x0000000083380000, 0x00000000d5580000)
  object space 52736K, 13% used [0x0000000080000000,0x00000000806d84d8,0x0000000083380000)
 Metaspace       used 20581K, capacity 21224K, committed 21296K, reserved 1067008K
  class space    used 2879K, capacity 3076K, committed 3120K, reserved 1048576K
}
Event: 2.388 GC heap before
{Heap before GC invocations=9 (full 1):
 PSYoungGen      total 75264K, used 64512K [0x00000000d5580000, 0x00000000de880000, 0x0000000100000000)
  eden space 64512K, 100% used [0x00000000d5580000,0x00000000d9480000,0x00000000d9480000)
  from space 10752K, 0% used [0x00000000d9480000,0x00000000d9480000,0x00000000d9f00000)
  to   space 10752K, 0% used [0x00000000dde00000,0x00000000dde00000,0x00000000de880000)
 ParOldGen       total 52736K, used 7009K [0x0000000080000000, 0x0000000083380000, 0x00000000d5580000)
  object space 52736K, 13% used [0x0000000080000000,0x00000000806d84d8,0x0000000083380000)
 Metaspace       used 28745K, capacity 29626K, committed 29872K, reserved 1075200K
  class space    used 3985K, capacity 4225K, committed 4272K, reserved 1048576K
Event: 2.394 GC heap after
Heap after GC invocations=9 (full 1):
 PSYoungGen      total 117248K, used 8481K [0x00000000d5580000, 0x00000000de680000, 0x0000000100000000)
  eden space 108544K, 0% used [0x00000000d5580000,0x00000000d5580000,0x00000000dbf80000)
  from space 8704K, 97% used [0x00000000dde00000,0x00000000de648488,0x00000000de680000)
  to   space 11264K, 0% used [0x00000000dd080000,0x00000000dd080000,0x00000000ddb80000)
 ParOldGen       total 52736K, used 7017K [0x0000000080000000, 0x0000000083380000, 0x00000000d5580000)
  object space 52736K, 13% used [0x0000000080000000,0x00000000806da4d8,0x0000000083380000)
 Metaspace       used 28745K, capacity 29626K, committed 29872K, reserved 1075200K
  class space    used 3985K, capacity 4225K, committed 4272K, reserved 1048576K
}
Event: 2.905 GC heap before
{Heap before GC invocations=10 (full 1):
 PSYoungGen      total 117248K, used 103871K [0x00000000d5580000, 0x00000000de680000, 0x0000000100000000)
  eden space 108544K, 87% used [0x00000000d5580000,0x00000000db2a78d0,0x00000000dbf80000)
  from space 8704K, 97% used [0x00000000dde00000,0x00000000de648488,0x00000000de680000)
  to   space 11264K, 0% used [0x00000000dd080000,0x00000000dd080000,0x00000000ddb80000)
 ParOldGen       total 52736K, used 7017K [0x0000000080000000, 0x0000000083380000, 0x00000000d5580000)
  object space 52736K, 13% used [0x0000000080000000,0x00000000806da4d8,0x0000000083380000)
 Metaspace       used 34336K, capacity 35420K, committed 35496K, reserved 1079296K
  class space    used 4731K, capacity 5003K, committed 5040K, reserved 1048576K
Event: 2.913 GC heap after
Heap after GC invocations=10 (full 1):
 PSYoungGen      total 119808K, used 11245K [0x00000000d5580000, 0x00000000de680000, 0x0000000100000000)
  eden space 108544K, 0% used [0x00000000d5580000,0x00000000d5580000,0x00000000dbf80000)
  from space 11264K, 99% used [0x00000000dd080000,0x00000000ddb7b4d8,0x00000000ddb80000)
  to   space 8704K, 0% used [0x00000000dde00000,0x00000000dde00000,0x00000000de680000)
 ParOldGen       total 52736K, used 7025K [0x0000000080000000, 0x0000000083380000, 0x00000000d5580000)
  object space 52736K, 13% used [0x0000000080000000,0x00000000806dc4d8,0x0000000083380000)
 Metaspace       used 34336K, capacity 35420K, committed 35496K, reserved 1079296K
  class space    used 4731K, capacity 5003K, committed 5040K, reserved 1048576K
}
Event: 2.913 GC heap before
{Heap before GC invocations=11 (full 2):
 PSYoungGen      total 119808K, used 11245K [0x00000000d5580000, 0x00000000de680000, 0x0000000100000000)
  eden space 108544K, 0% used [0x00000000d5580000,0x00000000d5580000,0x00000000dbf80000)
  from space 11264K, 99% used [0x00000000dd080000,0x00000000ddb7b4d8,0x00000000ddb80000)
  to   space 8704K, 0% used [0x00000000dde00000,0x00000000dde00000,0x00000000de680000)
 ParOldGen       total 52736K, used 7025K [0x0000000080000000, 0x0000000083380000, 0x00000000d5580000)
  object space 52736K, 13% used [0x0000000080000000,0x00000000806dc4d8,0x0000000083380000)
 Metaspace       used 34336K, capacity 35420K, committed 35496K, reserved 1079296K
  class space    used 4731K, capacity 5003K, committed 5040K, reserved 1048576K
Event: 2.977 GC heap after
Heap after GC invocations=11 (full 2):
 PSYoungGen      total 119808K, used 0K [0x00000000d5580000, 0x00000000de680000, 0x0000000100000000)
  eden space 108544K, 0% used [0x00000000d5580000,0x00000000d5580000,0x00000000dbf80000)
  from space 11264K, 0% used [0x00000000dd080000,0x00000000dd080000,0x00000000ddb80000)
  to   space 8704K, 0% used [0x00000000dde00000,0x00000000dde00000,0x00000000de680000)
 ParOldGen       total 52736K, used 17392K [0x0000000080000000, 0x0000000083380000, 0x00000000d5580000)
  object space 52736K, 32% used [0x0000000080000000,0x00000000810fc1d8,0x0000000083380000)
 Metaspace       used 34336K, capacity 35420K, committed 35496K, reserved 1079296K
  class space    used 4731K, capacity 5003K, committed 5040K, reserved 1048576K
}

