# JRE version: OpenJDK Runtime Environment (8.0_242-b01) (build 1.8.0_242-release-1644-b01)
# Java VM: OpenJDK 64-Bit Server VM (25.242-b01 mixed mode windows-amd64 compressed oops)
Heap:
 PSYoungGen      total 380928K, used 224311K [0x00000000d5580000, 0x00000000f1e80000, 0x0000000100000000)
  eden space 313856K, 51% used [0x00000000d5580000,0x00000000df44e0f0,0x00000000e8800000)
  from space 67072K, 91% used [0x00000000ed200000,0x00000000f0e3fdc0,0x00000000f1380000)
  to   space 75776K, 0% used [0x00000000e8800000,0x00000000e8800000,0x00000000ed200000)
 ParOldGen       total 259072K, used 116248K [0x0000000080000000, 0x000000008fd00000, 0x00000000d5580000)
  object space 259072K, 44% used [0x0000000080000000,0x0000000087186180,0x000000008fd00000)
 Metaspace       used 95644K, capacity 100226K, committed 103064K, reserved 1138688K
  class space    used 12503K, capacity 13371K, committed 14256K, reserved 1048576K
GC Heap History (10 events):
Event: 13.004 GC heap before
{Heap before GC invocations=20 (full 3):
 PSYoungGen      total 295424K, used 280570K [0x00000000d5580000, 0x00000000e9d00000, 0x0000000100000000)
  eden space 260608K, 100% used [0x00000000d5580000,0x00000000e5400000,0x00000000e5400000)
  from space 34816K, 57% used [0x00000000e7b00000,0x00000000e8e7ea08,0x00000000e9d00000)
  to   space 37376K, 0% used [0x00000000e5400000,0x00000000e5400000,0x00000000e7880000)
 ParOldGen       total 128512K, used 72676K [0x0000000080000000, 0x0000000087d80000, 0x00000000d5580000)
  object space 128512K, 56% used [0x0000000080000000,0x00000000846f9268,0x0000000087d80000)
 Metaspace       used 80634K, capacity 84458K, committed 84760K, reserved 1122304K
  class space    used 10755K, capacity 11459K, committed 11568K, reserved 1048576K
Event: 13.033 GC heap after
Heap after GC invocations=20 (full 3):
 PSYoungGen      total 297984K, used 37355K [0x00000000d5580000, 0x00000000ed100000, 0x0000000100000000)
  eden space 260608K, 0% used [0x00000000d5580000,0x00000000d5580000,0x00000000e5400000)
  from space 37376K, 99% used [0x00000000e5400000,0x00000000e787aca8,0x00000000e7880000)
  to   space 46080K, 0% used [0x00000000ea400000,0x00000000ea400000,0x00000000ed100000)
 ParOldGen       total 128512K, used 81404K [0x0000000080000000, 0x0000000087d80000, 0x00000000d5580000)
  object space 128512K, 63% used [0x0000000080000000,0x0000000084f7f230,0x0000000087d80000)
 Metaspace       used 80634K, capacity 84458K, committed 84760K, reserved 1122304K
  class space    used 10755K, capacity 11459K, committed 11568K, reserved 1048576K
}
Event: 14.293 GC heap before
{Heap before GC invocations=21 (full 3):
 PSYoungGen      total 297984K, used 297963K [0x00000000d5580000, 0x00000000ed100000, 0x0000000100000000)
  eden space 260608K, 100% used [0x00000000d5580000,0x00000000e5400000,0x00000000e5400000)
  from space 37376K, 99% used [0x00000000e5400000,0x00000000e787aca8,0x00000000e7880000)
  to   space 46080K, 0% used [0x00000000ea400000,0x00000000ea400000,0x00000000ed100000)
 ParOldGen       total 128512K, used 81404K [0x0000000080000000, 0x0000000087d80000, 0x00000000d5580000)
  object space 128512K, 63% used [0x0000000080000000,0x0000000084f7f230,0x0000000087d80000)
 Metaspace       used 91430K, capacity 97572K, committed 97816K, reserved 1132544K
  class space    used 12584K, capacity 13814K, committed 13872K, reserved 1048576K
Event: 14.342 GC heap after
Heap after GC invocations=21 (full 3):
 PSYoungGen      total 325120K, used 46065K [0x00000000d5580000, 0x00000000ef780000, 0x0000000100000000)
  eden space 279040K, 0% used [0x00000000d5580000,0x00000000d5580000,0x00000000e6600000)
  from space 46080K, 99% used [0x00000000ea400000,0x00000000ed0fc5a8,0x00000000ed100000)
  to   space 63488K, 0% used [0x00000000e6600000,0x00000000e6600000,0x00000000ea400000)
 ParOldGen       total 128512K, used 107961K [0x0000000080000000, 0x0000000087d80000, 0x00000000d5580000)
  object space 128512K, 84% used [0x0000000080000000,0x000000008696e6b0,0x0000000087d80000)
 Metaspace       used 91430K, capacity 97572K, committed 97816K, reserved 1132544K
  class space    used 12584K, capacity 13814K, committed 13872K, reserved 1048576K
}
Event: 14.342 GC heap before
{Heap before GC invocations=22 (full 4):
 PSYoungGen      total 325120K, used 46065K [0x00000000d5580000, 0x00000000ef780000, 0x0000000100000000)
  eden space 279040K, 0% used [0x00000000d5580000,0x00000000d5580000,0x00000000e6600000)
  from space 46080K, 99% used [0x00000000ea400000,0x00000000ed0fc5a8,0x00000000ed100000)
  to   space 63488K, 0% used [0x00000000e6600000,0x00000000e6600000,0x00000000ea400000)
 ParOldGen       total 128512K, used 107961K [0x0000000080000000, 0x0000000087d80000, 0x00000000d5580000)
  object space 128512K, 84% used [0x0000000080000000,0x000000008696e6b0,0x0000000087d80000)
 Metaspace       used 91430K, capacity 97572K, committed 97816K, reserved 1132544K
  class space    used 12584K, capacity 13814K, committed 13872K, reserved 1048576K
Event: 14.562 GC heap after
Heap after GC invocations=22 (full 4):
 PSYoungGen      total 325120K, used 0K [0x00000000d5580000, 0x00000000ef780000, 0x0000000100000000)
  eden space 279040K, 0% used [0x00000000d5580000,0x00000000d5580000,0x00000000e6600000)
  from space 46080K, 0% used [0x00000000ea400000,0x00000000ea400000,0x00000000ed100000)
  to   space 63488K, 0% used [0x00000000e6600000,0x00000000e6600000,0x00000000ea400000)
 ParOldGen       total 259072K, used 116232K [0x0000000080000000, 0x000000008fd00000, 0x00000000d5580000)
  object space 259072K, 44% used [0x0000000080000000,0x0000000087182180,0x000000008fd00000)
 Metaspace       used 90065K, capacity 94450K, committed 97816K, reserved 1132544K
  class space    used 12094K, capacity 12935K, committed 13872K, reserved 1048576K
}
Event: 16.119 GC heap before
{Heap before GC invocations=23 (full 4):
 PSYoungGen      total 325120K, used 277415K [0x00000000d5580000, 0x00000000ef780000, 0x0000000100000000)
  eden space 279040K, 99% used [0x00000000d5580000,0x00000000e6469ff0,0x00000000e6600000)
  from space 46080K, 0% used [0x00000000ea400000,0x00000000ea400000,0x00000000ed100000)
  to   space 63488K, 0% used [0x00000000e6600000,0x00000000e6600000,0x00000000ea400000)
 ParOldGen       total 259072K, used 116232K [0x0000000080000000, 0x000000008fd00000, 0x00000000d5580000)
  object space 259072K, 44% used [0x0000000080000000,0x0000000087182180,0x000000008fd00000)
 Metaspace       used 91247K, capacity 95674K, committed 98712K, reserved 1134592K
  class space    used 12210K, capacity 13053K, committed 14000K, reserved 1048576K
Event: 16.148 GC heap after
Heap after GC invocations=23 (full 4):
 PSYoungGen      total 342528K, used 44058K [0x00000000d5580000, 0x00000000f1380000, 0x0000000100000000)
  eden space 279040K, 0% used [0x00000000d5580000,0x00000000d5580000,0x00000000e6600000)
  from space 63488K, 69% used [0x00000000e6600000,0x00000000e9106a10,0x00000000ea400000)
  to   space 67072K, 0% used [0x00000000ed200000,0x00000000ed200000,0x00000000f1380000)
 ParOldGen       total 259072K, used 116240K [0x0000000080000000, 0x000000008fd00000, 0x00000000d5580000)
  object space 259072K, 44% used [0x0000000080000000,0x0000000087184180,0x000000008fd00000)
 Metaspace       used 91247K, capacity 95674K, committed 98712K, reserved 1134592K
  class space    used 12210K, capacity 13053K, committed 14000K, reserved 1048576K
}
Event: 25.764 GC heap before
{Heap before GC invocations=24 (full 4):
 PSYoungGen      total 342528K, used 323098K [0x00000000d5580000, 0x00000000f1380000, 0x0000000100000000)
  eden space 279040K, 100% used [0x00000000d5580000,0x00000000e6600000,0x00000000e6600000)
  from space 63488K, 69% used [0x00000000e6600000,0x00000000e9106a10,0x00000000ea400000)
  to   space 67072K, 0% used [0x00000000ed200000,0x00000000ed200000,0x00000000f1380000)
 ParOldGen       total 259072K, used 116240K [0x0000000080000000, 0x000000008fd00000, 0x00000000d5580000)
  object space 259072K, 44% used [0x0000000080000000,0x0000000087184180,0x000000008fd00000)
 Metaspace       used 95162K, capacity 99772K, committed 102552K, reserved 1138688K
  class space    used 12484K, capacity 13350K, committed 14256K, reserved 1048576K
Event: 25.798 GC heap after
Heap after GC invocations=24 (full 4):
 PSYoungGen      total 380928K, used 61695K [0x00000000d5580000, 0x00000000f1e80000, 0x0000000100000000)
  eden space 313856K, 0% used [0x00000000d5580000,0x00000000d5580000,0x00000000e8800000)
  from space 67072K, 91% used [0x00000000ed200000,0x00000000f0e3fdc0,0x00000000f1380000)
  to   space 75776K, 0% used [0x00000000e8800000,0x00000000e8800000,0x00000000ed200000)
 ParOldGen       total 259072K, used 116248K [0x0000000080000000, 0x000000008fd00000, 0x00000000d5580000)
  object space 259072K, 44% used [0x0000000080000000,0x0000000087186180,0x000000008fd00000)
 Metaspace       used 95162K, capacity 99772K, committed 102552K, reserved 1138688K
  class space    used 12484K, capacity 13350K, committed 14256K, reserved 1048576K
}

