# JRE version: OpenJDK Runtime Environment (8.0_242-b01) (build 1.8.0_242-release-1644-b01)
# Java VM: OpenJDK 64-Bit Server VM (25.242-b01 mixed mode windows-amd64 compressed oops)
Heap:
 PSYoungGen      total 356352K, used 53157K [0x00000000d5580000, 0x00000000f1d80000, 0x0000000100000000)
  eden space 282624K, 16% used [0x00000000d5580000,0x00000000d81b9168,0x00000000e6980000)
  from space 73728K, 10% used [0x00000000e6980000,0x00000000e71303f0,0x00000000eb180000)
  to   space 71168K, 0% used [0x00000000ed800000,0x00000000ed800000,0x00000000f1d80000)
 ParOldGen       total 246272K, used 86745K [0x0000000080000000, 0x000000008f080000, 0x00000000d5580000)
  object space 246272K, 35% used [0x0000000080000000,0x00000000854b6428,0x000000008f080000)
 Metaspace       used 96644K, capacity 101586K, committed 103832K, reserved 1138688K
  class space    used 12632K, capacity 13541K, committed 14248K, reserved 1048576K
GC Heap History (10 events):
Event: 13.383 GC heap before
{Heap before GC invocations=24 (full 4):
 PSYoungGen      total 294400K, used 52725K [0x00000000d5580000, 0x00000000eee80000, 0x0000000100000000)
  eden space 241664K, 0% used [0x00000000d5580000,0x00000000d5580000,0x00000000e4180000)
  from space 52736K, 99% used [0x00000000e8c80000,0x00000000ebffd588,0x00000000ec000000)
  to   space 76800K, 0% used [0x00000000e4180000,0x00000000e4180000,0x00000000e8c80000)
 ParOldGen       total 132608K, used 116814K [0x0000000080000000, 0x0000000088180000, 0x00000000d5580000)
  object space 132608K, 88% used [0x0000000080000000,0x00000000872139d8,0x0000000088180000)
 Metaspace       used 90896K, capacity 96994K, committed 97176K, reserved 1132544K
  class space    used 12477K, capacity 13659K, committed 13736K, reserved 1048576K
Event: 13.933 GC heap after
Heap after GC invocations=24 (full 4):
 PSYoungGen      total 294400K, used 26056K [0x00000000d5580000, 0x00000000eee80000, 0x0000000100000000)
  eden space 241664K, 0% used [0x00000000d5580000,0x00000000d5580000,0x00000000e4180000)
  from space 52736K, 49% used [0x00000000e8c80000,0x00000000ea5f2138,0x00000000ec000000)
  to   space 76800K, 0% used [0x00000000e4180000,0x00000000e4180000,0x00000000e8c80000)
 ParOldGen       total 132608K, used 132161K [0x0000000080000000, 0x0000000088180000, 0x00000000d5580000)
  object space 132608K, 99% used [0x0000000080000000,0x00000000881105c8,0x0000000088180000)
 Metaspace       used 89625K, capacity 93932K, committed 97176K, reserved 1132544K
  class space    used 12029K, capacity 12858K, committed 13736K, reserved 1048576K
}
Event: 80.362 GC heap before
{Heap before GC invocations=25 (full 5):
 PSYoungGen      total 294400K, used 267720K [0x00000000d5580000, 0x00000000eee80000, 0x0000000100000000)
  eden space 241664K, 100% used [0x00000000d5580000,0x00000000e4180000,0x00000000e4180000)
  from space 52736K, 49% used [0x00000000e8c80000,0x00000000ea5f2138,0x00000000ec000000)
  to   space 76800K, 0% used [0x00000000e4180000,0x00000000e4180000,0x00000000e8c80000)
 ParOldGen       total 132608K, used 132161K [0x0000000080000000, 0x0000000088180000, 0x00000000d5580000)
  object space 132608K, 99% used [0x0000000080000000,0x00000000881105c8,0x0000000088180000)
 Metaspace       used 94282K, capacity 98928K, committed 101912K, reserved 1136640K
  class space    used 12410K, capacity 13294K, committed 14120K, reserved 1048576K
Event: 80.514 GC heap after
Heap after GC invocations=25 (full 5):
 PSYoungGen      total 294400K, used 0K [0x00000000d5580000, 0x00000000eee80000, 0x0000000100000000)
  eden space 241664K, 0% used [0x00000000d5580000,0x00000000d5580000,0x00000000e4180000)
  from space 52736K, 0% used [0x00000000e8c80000,0x00000000e8c80000,0x00000000ec000000)
  to   space 76800K, 0% used [0x00000000e4180000,0x00000000e4180000,0x00000000e8c80000)
 ParOldGen       total 246272K, used 79210K [0x0000000080000000, 0x000000008f080000, 0x00000000d5580000)
  object space 246272K, 32% used [0x0000000080000000,0x0000000084d5a980,0x000000008f080000)
 Metaspace       used 94282K, capacity 98928K, committed 101912K, reserved 1136640K
  class space    used 12410K, capacity 13294K, committed 14120K, reserved 1048576K
}
Event: 105.588 GC heap before
{Heap before GC invocations=26 (full 5):
 PSYoungGen      total 294400K, used 241664K [0x00000000d5580000, 0x00000000eee80000, 0x0000000100000000)
  eden space 241664K, 100% used [0x00000000d5580000,0x00000000e4180000,0x00000000e4180000)
  from space 52736K, 0% used [0x00000000e8c80000,0x00000000e8c80000,0x00000000ec000000)
  to   space 76800K, 0% used [0x00000000e4180000,0x00000000e4180000,0x00000000e8c80000)
 ParOldGen       total 246272K, used 79210K [0x0000000080000000, 0x000000008f080000, 0x00000000d5580000)
  object space 246272K, 32% used [0x0000000080000000,0x0000000084d5a980,0x000000008f080000)
 Metaspace       used 94985K, capacity 99626K, committed 102424K, reserved 1138688K
  class space    used 12457K, capacity 13355K, committed 14120K, reserved 1048576K
Event: 105.595 GC heap after
Heap after GC invocations=26 (full 5):
 PSYoungGen      total 318464K, used 9382K [0x00000000d5580000, 0x00000000f0100000, 0x0000000100000000)
  eden space 241664K, 0% used [0x00000000d5580000,0x00000000d5580000,0x00000000e4180000)
  from space 76800K, 12% used [0x00000000e4180000,0x00000000e4aa98c8,0x00000000e8c80000)
  to   space 74752K, 0% used [0x00000000eb800000,0x00000000eb800000,0x00000000f0100000)
 ParOldGen       total 246272K, used 79218K [0x0000000080000000, 0x000000008f080000, 0x00000000d5580000)
  object space 246272K, 32% used [0x0000000080000000,0x0000000084d5c980,0x000000008f080000)
 Metaspace       used 94985K, capacity 99626K, committed 102424K, reserved 1138688K
  class space    used 12457K, capacity 13355K, committed 14120K, reserved 1048576K
}
Event: 106.861 GC heap before
{Heap before GC invocations=27 (full 5):
 PSYoungGen      total 318464K, used 251046K [0x00000000d5580000, 0x00000000f0100000, 0x0000000100000000)
  eden space 241664K, 100% used [0x00000000d5580000,0x00000000e4180000,0x00000000e4180000)
  from space 76800K, 12% used [0x00000000e4180000,0x00000000e4aa98c8,0x00000000e8c80000)
  to   space 74752K, 0% used [0x00000000eb800000,0x00000000eb800000,0x00000000f0100000)
 ParOldGen       total 246272K, used 79218K [0x0000000080000000, 0x000000008f080000, 0x00000000d5580000)
  object space 246272K, 32% used [0x0000000080000000,0x0000000084d5c980,0x000000008f080000)
 Metaspace       used 95367K, capacity 100114K, committed 102680K, reserved 1138688K
  class space    used 12482K, capacity 13381K, committed 14120K, reserved 1048576K
Event: 106.870 GC heap after
Heap after GC invocations=27 (full 5):
 PSYoungGen      total 349696K, used 4688K [0x00000000d5580000, 0x00000000ef980000, 0x0000000100000000)
  eden space 282624K, 0% used [0x00000000d5580000,0x00000000d5580000,0x00000000e6980000)
  from space 67072K, 6% used [0x00000000eb800000,0x00000000ebc94360,0x00000000ef980000)
  to   space 73728K, 0% used [0x00000000e6980000,0x00000000e6980000,0x00000000eb180000)
 ParOldGen       total 246272K, used 86737K [0x0000000080000000, 0x000000008f080000, 0x00000000d5580000)
  object space 246272K, 35% used [0x0000000080000000,0x00000000854b4428,0x000000008f080000)
 Metaspace       used 95367K, capacity 100114K, committed 102680K, reserved 1138688K
  class space    used 12482K, capacity 13381K, committed 14120K, reserved 1048576K
}
Event: 108.078 GC heap before
{Heap before GC invocations=28 (full 5):
 PSYoungGen      total 349696K, used 287240K [0x00000000d5580000, 0x00000000ef980000, 0x0000000100000000)
  eden space 282624K, 99% used [0x00000000d5580000,0x00000000e696de40,0x00000000e6980000)
  from space 67072K, 6% used [0x00000000eb800000,0x00000000ebc94360,0x00000000ef980000)
  to   space 73728K, 0% used [0x00000000e6980000,0x00000000e6980000,0x00000000eb180000)
 ParOldGen       total 246272K, used 86737K [0x0000000080000000, 0x000000008f080000, 0x00000000d5580000)
  object space 246272K, 35% used [0x0000000080000000,0x00000000854b4428,0x000000008f080000)
 Metaspace       used 96536K, capacity 101450K, committed 103832K, reserved 1138688K
  class space    used 12632K, capacity 13541K, committed 14248K, reserved 1048576K
Event: 108.085 GC heap after
Heap after GC invocations=28 (full 5):
 PSYoungGen      total 356352K, used 7872K [0x00000000d5580000, 0x00000000f1d80000, 0x0000000100000000)
  eden space 282624K, 0% used [0x00000000d5580000,0x00000000d5580000,0x00000000e6980000)
  from space 73728K, 10% used [0x00000000e6980000,0x00000000e71303f0,0x00000000eb180000)
  to   space 71168K, 0% used [0x00000000ed800000,0x00000000ed800000,0x00000000f1d80000)
 ParOldGen       total 246272K, used 86745K [0x0000000080000000, 0x000000008f080000, 0x00000000d5580000)
  object space 246272K, 35% used [0x0000000080000000,0x00000000854b6428,0x000000008f080000)
 Metaspace       used 96536K, capacity 101450K, committed 103832K, reserved 1138688K
  class space    used 12632K, capacity 13541K, committed 14248K, reserved 1048576K
}

